0 val 9.9983
0 train 10.917679
1 train 10.019789
2 train 9.420101
3 train 9.154705
4 train 9.039570
5 train 8.826031
6 train 8.736031
7 train 8.488373
8 train 8.286774
9 train 8.318064
10 train 7.959804
11 train 7.783219
12 train 7.512756
13 train 7.262174
14 train 7.077303
15 train 6.837638
16 train 6.638222
17 train 6.387829
18 train 6.269437
19 train 6.060023
20 train 5.885338
21 train 5.698973
22 train 5.509655
23 train 5.434194
24 train 5.366111
25 train 5.281480
26 train 5.242641
27 train 5.076411
28 train 5.078006
29 train 4.964685
30 train 4.978312
31 train 4.928701
32 train 4.874069
33 train 4.748136
34 train 4.700475
35 train 4.725645
36 train 4.611769
37 train 4.543104
38 train 4.432757
39 train 4.506007
40 train 4.527436
41 train 4.404479
42 train 4.375053
43 train 4.315024
44 train 4.276440
45 train 4.268560
46 train 4.328104
47 train 4.219812
48 train 4.235275
49 train 4.178576
50 train 4.192340
51 train 4.207893
52 train 4.135617
53 train 4.080194
54 train 4.075432
55 train 4.062582
56 train 4.148821
57 train 4.020118
58 train 4.016077
59 train 3.997997
60 train 3.828302
61 train 4.015138
62 train 3.949901
63 train 3.953786
64 train 3.941051
65 train 3.889479
66 train 3.954397
67 train 3.860762
68 train 3.834069
69 train 3.831507
70 train 3.761985
71 train 3.956190
72 train 3.814833
73 train 3.823854
74 train 3.840239
75 train 3.819122
76 train 3.848781
77 train 3.866440
78 train 3.752243
79 train 3.771677
80 train 3.677517
81 train 3.674354
82 train 3.805310
83 train 3.759195
84 train 3.654199
85 train 3.758626
86 train 3.741989
87 train 3.656715
88 train 3.702216
89 train 3.721608
90 train 3.672885
91 train 3.762749
92 train 3.613243
93 train 3.654110
94 train 3.654083
95 train 3.590858
96 train 3.636150
97 train 3.616260
98 train 3.650449
99 train 3.625363
100 train 3.654440
101 train 3.613674
102 train 3.604756
103 train 3.484169
104 train 3.637444
105 train 3.574725
106 train 3.586359
107 train 3.574736
108 train 3.476857
109 train 3.588344
110 train 3.662246
111 train 3.614615
112 train 3.559172
113 train 3.461876
114 train 3.526756
115 train 3.491570
116 train 3.618859
117 train 3.464045
118 train 3.564542
119 train 3.494039
120 train 3.360785
121 train 3.349631
122 train 3.447343
123 train 3.367686
124 train 3.348221
125 train 3.405075
126 train 3.344272
127 train 3.366555
128 train 3.296687
129 train 3.323127
130 train 3.274127
131 train 3.352560
132 train 3.398389
133 train 3.367289
134 train 3.271784
135 train 3.363716
136 train 3.257594
137 train 3.309609
138 train 3.346262
139 train 3.229402
140 train 3.253952
141 train 3.140599
142 train 3.206112
143 train 3.325537
144 train 3.208556
145 train 3.167252
146 train 3.058825
147 train 3.246855
148 train 3.074718
149 train 3.091362
150 train 3.074347
151 train 3.068341
152 train 3.215963
153 train 3.182033
154 train 3.124921
155 train 3.084119
156 train 3.092503
157 train 3.120521
158 train 3.039423
159 train 3.030205
160 train 2.976187
161 train 3.057137
162 train 3.031120
163 train 3.040093
164 train 3.001741
165 train 2.993787
166 train 3.067157
167 train 2.962303
168 train 3.044628
169 train 2.978376
170 train 2.845402
171 train 2.979577
172 train 2.943101
173 train 2.983276
174 train 2.893101
175 train 2.909482
176 train 2.859944
177 train 2.883527
178 train 2.909455
179 train 2.980493
180 train 2.826875
181 train 2.876705
182 train 2.800809
183 train 2.868546
184 train 2.815620
185 train 2.791076
186 train 2.731285
187 train 2.827903
188 train 2.835265
189 train 2.695211
190 train 2.815242
191 train 2.873155
192 train 2.783525
193 train 2.776773
194 train 2.835329
195 train 2.618424
196 train 2.652012
197 train 2.729539
198 train 2.748211
199 train 2.693369
200 val 2.7283
200 train 2.701741
201 train 2.707257
202 train 2.622431
203 train 2.666432
204 train 2.731445
205 train 2.761786
206 train 2.625951
207 train 2.628181
208 train 2.717795
209 train 2.775774
210 train 2.670656
211 train 2.583171
212 train 2.707236
213 train 2.609369
214 train 2.518275
215 train 2.595093
216 train 2.681747
217 train 2.599854
218 train 2.571955
219 train 2.465917
220 train 2.627782
221 train 2.580439
222 train 2.653510
223 train 2.504929
224 train 2.415941
225 train 2.534832
226 train 2.513661
227 train 2.724158
228 train 2.508565
229 train 2.510592
230 train 2.444324
231 train 2.541766
232 train 2.524070
233 train 2.614413
234 train 2.384308
235 train 2.445649
236 train 2.393917
237 train 2.525174
238 train 2.459923
239 train 2.565727
240 train 2.397027
241 train 2.599804
242 train 2.425002
243 train 2.523947
244 train 2.405916
245 train 2.507424
246 train 2.382723
247 train 2.386280
248 train 2.513999
249 train 2.582190
250 train 2.266703
251 train 2.433357
252 train 2.442812
253 train 2.425945
254 train 2.341852
255 train 2.539563
256 train 2.356851
257 train 2.360622
258 train 2.365441
259 train 2.292338
260 train 2.411357
261 train 2.382002
262 train 2.339186
263 train 2.523776
264 train 2.360703
265 train 2.353612
266 train 2.352216
267 train 2.470796
268 train 2.258638
269 train 2.363524
270 train 2.296086
271 train 2.314652
272 train 2.392617
273 train 2.434497
274 train 2.413365
275 train 2.372786
276 train 2.405010
277 train 2.238418
278 train 2.344839
279 train 2.362821
280 train 2.264582
281 train 2.207283
282 train 2.266933
283 train 2.315342
284 train 2.184064
285 train 2.391645
286 train 2.261086
287 train 2.239815
288 train 2.215398
289 train 2.225023
290 train 2.160628
291 train 2.322368
292 train 2.314238
293 train 2.248066
294 train 2.294994
295 train 2.143890
296 train 2.305250
297 train 2.196863
298 train 2.292416
299 train 2.303844
300 train 2.263167
301 train 2.138802
302 train 2.228943
303 train 2.253310
304 train 2.203773
305 train 2.172600
306 train 2.260760
307 train 2.276882
308 train 2.194827
309 train 2.219703
310 train 2.239091
311 train 2.113654
312 train 2.205922
313 train 2.141809
314 train 2.130294
315 train 2.046731
316 train 2.279675
317 train 2.208251
318 train 2.195513
319 train 2.249052
320 train 2.096522
321 train 2.186489
322 train 2.034888
323 train 2.240273
324 train 2.161695
325 train 2.040087
326 train 2.158494
327 train 2.131541
328 train 2.149940
329 train 2.171941
330 train 2.115915
331 train 2.050256
332 train 2.119406
333 train 2.102547
334 train 2.130634
335 train 2.110467
336 train 2.087106
337 train 2.219921
338 train 2.163824
339 train 2.201350
340 train 2.152211
341 train 2.164175
342 train 2.167864
343 train 2.165767
344 train 2.134405
345 train 2.146036
346 train 2.232178
347 train 2.167855
348 train 2.065352
349 train 2.246966
350 train 2.124131
351 train 1.996115
352 train 2.121496
353 train 2.070487
354 train 2.265799
355 train 2.252267
356 train 2.008693
357 train 2.047839
358 train 2.162025
359 train 2.218776
360 train 2.187960
361 train 2.070003
362 train 2.119818
363 train 2.160037
364 train 2.141206
365 train 1.951335
366 train 2.229542
367 train 1.948384
368 train 1.914226
369 train 2.041273
370 train 2.039393
371 train 1.949747
372 train 2.000149
373 train 2.112382
374 train 1.905966
375 train 2.109325
376 train 1.973132
377 train 2.004513
378 train 1.923726
379 train 2.075062
380 train 2.046721
381 train 2.088767
382 train 1.947427
383 train 1.840499
384 train 1.981967
385 train 1.937761
386 train 2.147781
387 train 1.954698
388 train 1.999693
389 train 2.110066
390 train 2.055479
391 train 2.022671
392 train 2.080112
393 train 1.980736
394 train 2.064723
395 train 2.004673
396 train 2.009889
397 train 1.879163
398 train 1.907133
399 train 2.018356
400 val 2.0127
400 train 1.972458
401 train 1.997035
402 train 1.946417
403 train 1.909040
404 train 1.917195
405 train 1.900082
406 train 2.048804
407 train 2.000465
408 train 1.837714
409 train 2.085019
410 train 1.951681
411 train 1.766330
412 train 1.912712
413 train 2.018134
414 train 2.000072
415 train 1.981458
416 train 1.938053
417 train 1.952697
418 train 1.942682
419 train 2.016896
420 train 2.012574
421 train 1.882045
422 train 1.983027
423 train 1.930516
424 train 1.938683
425 train 2.062685
426 train 2.003606
427 train 1.854231
428 train 2.082827
429 train 1.858401
430 train 1.858278
431 train 2.028643
432 train 1.855433
433 train 1.964110
434 train 1.898377
435 train 1.801156
436 train 2.022661
437 train 1.850315
438 train 1.864676
439 train 1.925979
440 train 2.000380
441 train 2.077178
442 train 1.834069
443 train 1.866716
444 train 1.786394
445 train 1.983312
446 train 1.805020
447 train 1.917115
448 train 1.921114
449 train 1.806667
450 train 1.938720
451 train 1.849823
452 train 1.882760
453 train 1.849067
454 train 1.833354
455 train 2.003074
456 train 1.913144
457 train 1.926067
458 train 1.980978
459 train 1.940310
460 train 1.978248
461 train 1.952994
462 train 1.947392
463 train 1.873165
464 train 1.724528
465 train 1.937139
466 train 1.837530
467 train 1.806784
468 train 1.893534
469 train 1.911709
470 train 1.800951
471 train 1.868970
472 train 1.849666
473 train 1.999595
474 train 1.888741
475 train 1.728709
476 train 1.860855
477 train 1.729789
478 train 1.922141
479 train 1.740866
480 train 2.034226
481 train 1.924766
482 train 1.770784
483 train 1.825725
484 train 1.901289
485 train 1.709647
486 train 1.897756
487 train 1.982050
488 train 1.782511
489 train 1.809858
490 train 1.839501
491 train 1.792634
492 train 1.821830
493 train 1.864079
494 train 1.824368
495 train 1.911263
496 train 1.737409
497 train 1.787601
498 train 1.731717
499 train 1.968655
500 train 1.989781
501 train 1.882277
502 train 1.971725
503 train 1.845239
504 train 1.776364
505 train 1.835971
506 train 1.914203
507 train 1.739557
508 train 1.661095
509 train 1.862035
510 train 1.847134
511 train 1.834763
512 train 1.993485
513 train 1.757307
514 train 1.790841
515 train 1.854503
516 train 1.856722
517 train 1.853296
518 train 1.753022
519 train 1.780664
520 train 1.751047
521 train 1.750539
522 train 1.644178
523 train 1.779032
524 train 1.835782
525 train 1.928458
526 train 1.783892
527 train 1.801090
528 train 1.765679
529 train 1.781289
530 train 1.732319
531 train 1.689340
532 train 1.739097
533 train 1.677052
534 train 1.720681
535 train 1.715562
536 train 1.702285
537 train 1.718214
538 train 1.729288
539 train 1.776362
540 train 1.706938
541 train 1.959340
542 train 1.842176
543 train 1.770340
544 train 1.848194
545 train 1.830273
546 train 1.859539
547 train 1.706572
548 train 1.748105
549 train 1.723726
550 train 1.740844
551 train 1.689014
552 train 1.819841
553 train 1.871794
554 train 1.794162
555 train 1.845468
556 train 1.668357
557 train 1.758562
558 train 1.696971
559 train 1.685548
560 train 1.745766
561 train 1.804102
562 train 1.792171
563 train 1.740319
564 train 1.822534
565 train 1.747965
566 train 1.752020
567 train 1.726377
568 train 1.713647
569 train 1.688665
570 train 1.864087
571 train 1.718422
572 train 1.870377
573 train 1.799574
574 train 1.806564
575 train 1.603205
576 train 1.609897
577 train 1.749168
578 train 1.715529
579 train 1.675472
580 train 1.791266
581 train 1.789426
582 train 1.718598
583 train 1.672861
584 train 1.704095
585 train 1.720212
586 train 1.686600
587 train 1.743804
588 train 1.815237
589 train 1.701821
590 train 1.686623
591 train 1.728495
592 train 1.885317
593 train 1.777369
594 train 1.657102
595 train 1.730433
596 train 1.640491
597 train 1.720094
598 train 1.839726
599 train 1.832901
600 val 1.7664
600 train 1.712392
601 train 1.762204
602 train 1.774086
603 train 1.592860
604 train 1.688628
605 train 1.670640
606 train 1.636322
607 train 1.718382
608 train 1.742648
609 train 1.716596
610 train 1.739753
611 train 1.836470
612 train 1.724721
613 train 1.703684
614 train 1.744039
615 train 1.672363
616 train 1.924252
617 train 1.638217
618 train 1.757366
619 train 1.714124
620 train 1.650798
621 train 1.791776
622 train 1.631590
623 train 1.792334
624 train 1.669789
625 train 1.643935
626 train 1.702878
627 train 1.719181
628 train 1.702488
629 train 1.741851
630 train 1.903343
631 train 1.804664
632 train 1.701738
633 train 1.566724
634 train 1.707640
635 train 1.759946
636 train 1.663572
637 train 1.776722
638 train 1.677859
639 train 1.702592
640 train 1.667111
641 train 1.669816
642 train 1.643170
643 train 1.749429
644 train 1.848710
645 train 1.716873
646 train 1.600554
647 train 1.747130
648 train 1.563780
649 train 1.713752
650 train 1.706586
651 train 1.645729
652 train 1.702881
653 train 1.764419
654 train 1.567016
655 train 1.550685
656 train 1.565214
657 train 1.624829
658 train 1.786389
659 train 1.742627
660 train 1.732417
661 train 1.636647
662 train 1.641309
663 train 1.751565
664 train 1.664325
665 train 1.719436
666 train 1.543463
667 train 1.638070
668 train 1.771335
669 train 1.662621
670 train 1.630257
671 train 1.693293
672 train 1.572508
673 train 1.740951
674 train 1.673201
675 train 1.672357
676 train 1.557183
677 train 1.673782
678 train 1.703834
679 train 1.699306
680 train 1.666347
681 train 1.617246
682 train 1.753615
683 train 1.698979
684 train 1.690834
685 train 1.550476
686 train 1.658902
687 train 1.586548
688 train 1.704880
689 train 1.695253
690 train 1.644861
691 train 1.740184
692 train 1.666923
693 train 1.763598
694 train 1.693183
695 train 1.611996
696 train 1.635087
697 train 1.789851
698 train 1.512349
699 train 1.760317
700 train 1.681790
701 train 1.704985
702 train 1.704987
703 train 1.679977
704 train 1.687088
705 train 1.752084
706 train 1.611769
707 train 1.622190
708 train 1.656706
709 train 1.696225
710 train 1.674326
711 train 1.815843
712 train 1.563082
713 train 1.710238
714 train 1.754421
715 train 1.779511
716 train 1.679581
717 train 1.725652
718 train 1.596297
719 train 1.676641
720 train 1.734721
721 train 1.659443
722 train 1.702227
723 train 1.808388
724 train 1.620185
725 train 1.631754
726 train 1.686368
727 train 1.621373
728 train 1.751863
729 train 1.793780
730 train 1.691356
731 train 1.649933
732 train 1.680175
733 train 1.682910
734 train 1.533450
735 train 1.783632
736 train 1.712320
737 train 1.663040
738 train 1.748166
739 train 1.576039
740 train 1.682384
741 train 1.563370
742 train 1.726988
743 train 1.827405
744 train 1.738402
745 train 1.567603
746 train 1.777753
747 train 1.683767
748 train 1.595913
749 train 1.740515
750 train 1.810568
751 train 1.802066
752 train 1.645349
753 train 1.727966
754 train 1.656548
755 train 1.583642
756 train 1.625743
757 train 1.561216
758 train 1.547070
759 train 1.506374
760 train 1.735431
761 train 1.615834
762 train 1.693598
763 train 1.613314
764 train 1.624477
765 train 1.785778
766 train 1.642226
767 train 1.676703
768 train 1.640412
769 train 1.698620
770 train 1.542530
771 train 1.665587
772 train 1.558426
773 train 1.568156
774 train 1.667297
775 train 1.577421
776 train 1.544941
777 train 1.697223
778 train 1.680783
779 train 1.645002
780 train 1.736692
781 train 1.548279
782 train 1.582650
783 train 1.651392
784 train 1.803599
785 train 1.606168
786 train 1.606969
787 train 1.573735
788 train 1.597256
789 train 1.637476
790 train 1.673482
791 train 1.576101
792 train 1.571255
793 train 1.517675
794 train 1.802055
795 train 1.595522
796 train 1.592607
797 train 1.693015
798 train 1.672751
799 train 1.633988
800 val 1.6635
800 train 1.538305
801 train 1.665914
802 train 1.558666
803 train 1.536643
804 train 1.669387
805 train 1.639067
806 train 1.569427
807 train 1.602929
808 train 1.652174
809 train 1.562206
810 train 1.577617
811 train 1.595095
812 train 1.639819
813 train 1.610977
814 train 1.595561
815 train 1.705154
816 train 1.549095
817 train 1.620398
818 train 1.663733
819 train 1.541632
820 train 1.652805
821 train 1.691640
822 train 1.643386
823 train 1.616051
824 train 1.534723
825 train 1.601077
826 train 1.608639
827 train 1.641234
828 train 1.537911
829 train 1.711013
830 train 1.539030
831 train 1.582146
832 train 1.535475
833 train 1.651632
834 train 1.783109
835 train 1.555940
836 train 1.614521
837 train 1.487185
838 train 1.521290
839 train 1.693820
840 train 1.698584
841 train 1.555011
842 train 1.517430
843 train 1.690244
844 train 1.698254
845 train 1.551046
846 train 1.754055
847 train 1.654858
848 train 1.607568
849 train 1.585597
850 train 1.711133
851 train 1.545503
852 train 1.733678
853 train 1.719776
854 train 1.522573
855 train 1.453273
856 train 1.686075
857 train 1.562724
858 train 1.638653
859 train 1.648190
860 train 1.677349
861 train 1.640209
862 train 1.545171
863 train 1.639067
864 train 1.484004
865 train 1.635206
866 train 1.627421
867 train 1.527296
868 train 1.680387
869 train 1.503008
870 train 1.606640
871 train 1.571982
872 train 1.597577
873 train 1.592439
874 train 1.551935
875 train 1.565217
876 train 1.617769
877 train 1.749789
878 train 1.462053
879 train 1.592952
880 train 1.599876
881 train 1.404541
882 train 1.675619
883 train 1.464187
884 train 1.598552
885 train 1.667726
886 train 1.633141
887 train 1.498677
888 train 1.549800
889 train 1.526173
890 train 1.680774
891 train 1.557567
892 train 1.582268
893 train 1.616117
894 train 1.708397
895 train 1.642981
896 train 1.697079
897 train 1.560617
898 train 1.532055
899 train 1.548982
900 train 1.673847
901 train 1.657360
902 train 1.766274
903 val 1.6387
903 train 1.529881
